[debug] [2021-02-03T11:01:42.976Z] ----------------------------------------------------------------------
[debug] [2021-02-03T11:01:42.979Z] Command:       C:\Program Files\nodejs\node.exe C:\Users\bala\AppData\Roaming\npm\node_modules\firebase-tools\lib\bin\firebase.js emulators:start
[debug] [2021-02-03T11:01:42.979Z] CLI Version:   9.2.1
[debug] [2021-02-03T11:01:42.979Z] Platform:      win32
[debug] [2021-02-03T11:01:42.979Z] Node Version:  v12.16.1
[debug] [2021-02-03T11:01:42.980Z] Time:          Wed Feb 03 2021 16:31:42 GMT+0530 (India Standard Time)
[debug] [2021-02-03T11:01:42.980Z] ----------------------------------------------------------------------
[debug] [2021-02-03T11:01:42.980Z] 
[debug] [2021-02-03T11:01:42.987Z] > command requires scopes: ["email","openid","https://www.googleapis.com/auth/cloudplatformprojects.readonly","https://www.googleapis.com/auth/firebase","https://www.googleapis.com/auth/cloud-platform"]
[debug] [2021-02-03T11:01:42.988Z] > authorizing via signed-in user
[info] i  emulators: Starting emulators: functions, hosting {"metadata":{"emulator":{"name":"hub"},"message":"Starting emulators: functions, hosting"}}
[debug] [2021-02-03T11:01:44.014Z] [hub] writing locator at C:\Users\bala\AppData\Local\Temp\hub-clone-e9c03.json
[warn] !  functions: The following emulators are not running, calls to these services from the Functions emulator will affect production: auth, firestore, database, pubsub {"metadata":{"emulator":{"name":"functions"},"message":"The following emulators are not running, calls to these services from the Functions emulator will affect production: \u001b[1mauth, firestore, database, pubsub\u001b[22m"}}
[info] +  functions: Using node@12 from host. {"metadata":{"emulator":{"name":"functions"},"message":"Using node@12 from host."}}
[debug] [2021-02-03T11:01:45.045Z] defaultcredentials: writing to file C:\Users\bala\AppData\Roaming\firebase\priyankapathade4773_gmail_com_application_default_credentials.json
[debug] [2021-02-03T11:01:45.102Z] Setting GAC to C:\Users\bala\AppData\Roaming\firebase\priyankapathade4773_gmail_com_application_default_credentials.json {"metadata":{"emulator":{"name":"functions"},"message":"Setting GAC to C:\\Users\\bala\\AppData\\Roaming\\firebase\\priyankapathade4773_gmail_com_application_default_credentials.json"}}
[debug] [2021-02-03T11:01:45.108Z] >>> [apiv2][query] GET https://firebase.googleapis.com/v1beta1/projects/clone-e9c03/adminSdkConfig [none]
[debug] [2021-02-03T11:01:49.226Z] <<< [apiv2][status] GET https://firebase.googleapis.com/v1beta1/projects/clone-e9c03/adminSdkConfig 200
[debug] [2021-02-03T11:01:49.226Z] <<< [apiv2][body] GET https://firebase.googleapis.com/v1beta1/projects/clone-e9c03/adminSdkConfig {"projectId":"clone-e9c03","storageBucket":"clone-e9c03.appspot.com","locationId":"us-central"}
[debug] [2021-02-03T11:01:50.275Z] >>> [apiv2][query] GET https://firebase.googleapis.com/v1beta1/projects/clone-e9c03/webApps/-/config [none]
[debug] [2021-02-03T11:01:53.079Z] <<< [apiv2][status] GET https://firebase.googleapis.com/v1beta1/projects/clone-e9c03/webApps/-/config 200
[debug] [2021-02-03T11:01:53.080Z] <<< [apiv2][body] GET https://firebase.googleapis.com/v1beta1/projects/clone-e9c03/webApps/-/config {"projectId":"clone-e9c03","appId":"1:913595350647:web:115b5a9ec788ee945d1072","storageBucket":"clone-e9c03.appspot.com","locationId":"us-central","apiKey":"AIzaSyDFlN0CwZzPYyjwPmKuPBiM9Tzv5_o_L5g","authDomain":"clone-e9c03.firebaseapp.com","messagingSenderId":"913595350647","measurementId":"G-K3WY2Y0NV4"}
[info] i  hosting: Serving hosting files from: build {"metadata":{"emulator":{"name":"hosting"},"message":"Serving hosting files from: \u001b[1mbuild\u001b[22m"}}
[info] +  hosting: Local server: http://localhost:5000 {"metadata":{"emulator":{"name":"hosting"},"message":"Local server: \u001b[4m\u001b[1mhttp://localhost:5000\u001b[22m\u001b[24m"}}
[debug] [2021-02-03T11:01:55.501Z] Ignoring unsupported arg: auto_download {"metadata":{"emulator":{"name":"ui"},"message":"Ignoring unsupported arg: auto_download"}}
[debug] [2021-02-03T11:01:55.501Z] Ignoring unsupported arg: port {"metadata":{"emulator":{"name":"ui"},"message":"Ignoring unsupported arg: port"}}
[debug] [2021-02-03T11:01:55.502Z] Starting Emulator UI with command {"binary":"node","args":["C:\\Users\\bala\\.cache\\firebase\\emulators\\ui-v1.4.1\\server.bundle.js"],"optionalArgs":[],"joinArgs":false} {"metadata":{"emulator":{"name":"ui"},"message":"Starting Emulator UI with command {\"binary\":\"node\",\"args\":[\"C:\\\\Users\\\\bala\\\\.cache\\\\firebase\\\\emulators\\\\ui-v1.4.1\\\\server.bundle.js\"],\"optionalArgs\":[],\"joinArgs\":false}"}}
[info] i  ui: Emulator UI logging to ui-debug.log {"metadata":{"emulator":{"name":"ui"},"message":"Emulator UI logging to \u001b[1mui-debug.log\u001b[22m"}}
[debug] [2021-02-03T11:01:55.615Z] Web / API server started at http://localhost:4000
 {"metadata":{"emulator":{"name":"ui"},"message":"Web / API server started at http://localhost:4000\n"}}
[info] i  functions: Watching "C:\Users\bala\Desktop\Amazon-Clone\amazon-clone\functions" for Cloud Functions... {"metadata":{"emulator":{"name":"functions"},"message":"Watching \"C:\\Users\\bala\\Desktop\\Amazon-Clone\\amazon-clone\\functions\" for Cloud Functions..."}}
[debug] [2021-02-03T11:01:56.020Z] [worker-pool] addWorker(~diagnostic~) {"metadata":{"emulator":{"name":"functions"},"message":"[worker-pool] addWorker(~diagnostic~)"}}
[debug] [2021-02-03T11:01:56.020Z] [worker-pool] Adding worker with key ~diagnostic~, total=1 {"metadata":{"emulator":{"name":"functions"},"message":"[worker-pool] Adding worker with key ~diagnostic~, total=1"}}
[debug] [2021-02-03T11:01:56.020Z] [worker-pool] submitWork(triggerId=) {"metadata":{"emulator":{"name":"functions"},"message":"[worker-pool] submitWork(triggerId=)"}}
[debug] [2021-02-03T11:01:56.021Z] [worker-~diagnostic~-cee9f7b0-c461-4278-a4db-87be1a59eefb]: Assigning socketPath: \\?\pipe\C:\Users\bala\Desktop\Amazon-Clone\amazon-clone\functions\26004 {"metadata":{"emulator":{"name":"functions"},"message":"[worker-~diagnostic~-cee9f7b0-c461-4278-a4db-87be1a59eefb]: Assigning socketPath: \\\\?\\pipe\\C:\\Users\\bala\\Desktop\\Amazon-Clone\\amazon-clone\\functions\\26004"}}
[debug] [2021-02-03T11:01:56.021Z] [worker-~diagnostic~-cee9f7b0-c461-4278-a4db-87be1a59eefb]: BUSY {"metadata":{"emulator":{"name":"functions"},"message":"[worker-~diagnostic~-cee9f7b0-c461-4278-a4db-87be1a59eefb]: BUSY"}}
[debug] [2021-02-03T11:01:56.206Z] [runtime-status] [26004] Functions runtime initialized. {"cwd":"C:\\Users\\bala\\Desktop\\Amazon-Clone\\amazon-clone\\functions","node_version":"12.16.1"} {"metadata":{"emulator":{"name":"functions"},"message":"[runtime-status] [26004] Functions runtime initialized. {\"cwd\":\"C:\\\\Users\\\\bala\\\\Desktop\\\\Amazon-Clone\\\\amazon-clone\\\\functions\",\"node_version\":\"12.16.1\"}"}}
[debug] [2021-02-03T11:01:56.207Z] [runtime-status] [26004] Disabled runtime features: undefined {"metadata":{"emulator":{"name":"functions"},"message":"[runtime-status] [26004] Disabled runtime features: undefined"}}
[debug] [2021-02-03T11:01:56.209Z] [runtime-status] [26004] Resolved module firebase-admin {"declared":true,"installed":true,"version":"9.4.2","resolution":"C:\\Users\\bala\\Desktop\\Amazon-Clone\\amazon-clone\\functions\\node_modules\\firebase-admin\\lib\\index.js"} {"metadata":{"emulator":{"name":"functions"},"message":"[runtime-status] [26004] Resolved module firebase-admin {\"declared\":true,\"installed\":true,\"version\":\"9.4.2\",\"resolution\":\"C:\\\\Users\\\\bala\\\\Desktop\\\\Amazon-Clone\\\\amazon-clone\\\\functions\\\\node_modules\\\\firebase-admin\\\\lib\\\\index.js\"}"}}
[debug] [2021-02-03T11:01:56.226Z] [runtime-status] [26004] Resolved module firebase-functions {"declared":true,"installed":true,"version":"3.13.1","resolution":"C:\\Users\\bala\\Desktop\\Amazon-Clone\\amazon-clone\\functions\\node_modules\\firebase-functions\\lib\\index.js"} {"metadata":{"emulator":{"name":"functions"},"message":"[runtime-status] [26004] Resolved module firebase-functions {\"declared\":true,\"installed\":true,\"version\":\"3.13.1\",\"resolution\":\"C:\\\\Users\\\\bala\\\\Desktop\\\\Amazon-Clone\\\\amazon-clone\\\\functions\\\\node_modules\\\\firebase-functions\\\\lib\\\\index.js\"}"}}
[debug] [2021-02-03T11:01:56.226Z] [runtime-status] [26004] Resolved module firebase-functions {"declared":true,"installed":true,"version":"3.13.1","resolution":"C:\\Users\\bala\\Desktop\\Amazon-Clone\\amazon-clone\\functions\\node_modules\\firebase-functions\\lib\\index.js"} {"metadata":{"emulator":{"name":"functions"},"message":"[runtime-status] [26004] Resolved module firebase-functions {\"declared\":true,\"installed\":true,\"version\":\"3.13.1\",\"resolution\":\"C:\\\\Users\\\\bala\\\\Desktop\\\\Amazon-Clone\\\\amazon-clone\\\\functions\\\\node_modules\\\\firebase-functions\\\\lib\\\\index.js\"}"}}
[debug] [2021-02-03T11:01:56.228Z] [runtime-status] [26004] Outgoing network have been stubbed. [{"name":"http","status":"mocked"},{"name":"http","status":"mocked"},{"name":"https","status":"mocked"},{"name":"https","status":"mocked"},{"name":"net","status":"mocked"}] {"metadata":{"emulator":{"name":"functions"},"message":"[runtime-status] [26004] Outgoing network have been stubbed. [{\"name\":\"http\",\"status\":\"mocked\"},{\"name\":\"http\",\"status\":\"mocked\"},{\"name\":\"https\",\"status\":\"mocked\"},{\"name\":\"https\",\"status\":\"mocked\"},{\"name\":\"net\",\"status\":\"mocked\"}]"}}
[debug] [2021-02-03T11:01:56.228Z] [runtime-status] [26004] Resolved module firebase-functions {"declared":true,"installed":true,"version":"3.13.1","resolution":"C:\\Users\\bala\\Desktop\\Amazon-Clone\\amazon-clone\\functions\\node_modules\\firebase-functions\\lib\\index.js"} {"metadata":{"emulator":{"name":"functions"},"message":"[runtime-status] [26004] Resolved module firebase-functions {\"declared\":true,\"installed\":true,\"version\":\"3.13.1\",\"resolution\":\"C:\\\\Users\\\\bala\\\\Desktop\\\\Amazon-Clone\\\\amazon-clone\\\\functions\\\\node_modules\\\\firebase-functions\\\\lib\\\\index.js\"}"}}
[debug] [2021-02-03T11:01:56.904Z] [runtime-status] [26004] Checked functions.config() {"config":{}} {"metadata":{"emulator":{"name":"functions"},"message":"[runtime-status] [26004] Checked functions.config() {\"config\":{}}"}}
[debug] [2021-02-03T11:01:56.904Z] [runtime-status] [26004] firebase-functions has been stubbed. {"functionsResolution":{"declared":true,"installed":true,"version":"3.13.1","resolution":"C:\\Users\\bala\\Desktop\\Amazon-Clone\\amazon-clone\\functions\\node_modules\\firebase-functions\\lib\\index.js"}} {"metadata":{"emulator":{"name":"functions"},"message":"[runtime-status] [26004] firebase-functions has been stubbed. {\"functionsResolution\":{\"declared\":true,\"installed\":true,\"version\":\"3.13.1\",\"resolution\":\"C:\\\\Users\\\\bala\\\\Desktop\\\\Amazon-Clone\\\\amazon-clone\\\\functions\\\\node_modules\\\\firebase-functions\\\\lib\\\\index.js\"}}"}}
[debug] [2021-02-03T11:01:56.904Z] [runtime-status] [26004] Resolved module firebase-functions {"declared":true,"installed":true,"version":"3.13.1","resolution":"C:\\Users\\bala\\Desktop\\Amazon-Clone\\amazon-clone\\functions\\node_modules\\firebase-functions\\lib\\index.js"} {"metadata":{"emulator":{"name":"functions"},"message":"[runtime-status] [26004] Resolved module firebase-functions {\"declared\":true,\"installed\":true,\"version\":\"3.13.1\",\"resolution\":\"C:\\\\Users\\\\bala\\\\Desktop\\\\Amazon-Clone\\\\amazon-clone\\\\functions\\\\node_modules\\\\firebase-functions\\\\lib\\\\index.js\"}"}}
[debug] [2021-02-03T11:01:56.905Z] [runtime-status] [26004] Resolved module firebase-admin {"declared":true,"installed":true,"version":"9.4.2","resolution":"C:\\Users\\bala\\Desktop\\Amazon-Clone\\amazon-clone\\functions\\node_modules\\firebase-admin\\lib\\index.js"} {"metadata":{"emulator":{"name":"functions"},"message":"[runtime-status] [26004] Resolved module firebase-admin {\"declared\":true,\"installed\":true,\"version\":\"9.4.2\",\"resolution\":\"C:\\\\Users\\\\bala\\\\Desktop\\\\Amazon-Clone\\\\amazon-clone\\\\functions\\\\node_modules\\\\firebase-admin\\\\lib\\\\index.js\"}"}}
[debug] [2021-02-03T11:01:56.905Z] [runtime-status] [26004] Resolved module firebase-functions {"declared":true,"installed":true,"version":"3.13.1","resolution":"C:\\Users\\bala\\Desktop\\Amazon-Clone\\amazon-clone\\functions\\node_modules\\firebase-functions\\lib\\index.js"} {"metadata":{"emulator":{"name":"functions"},"message":"[runtime-status] [26004] Resolved module firebase-functions {\"declared\":true,\"installed\":true,\"version\":\"3.13.1\",\"resolution\":\"C:\\\\Users\\\\bala\\\\Desktop\\\\Amazon-Clone\\\\amazon-clone\\\\functions\\\\node_modules\\\\firebase-functions\\\\lib\\\\index.js\"}"}}
[debug] [2021-02-03T11:01:56.905Z] [runtime-status] [26004] firebase-admin has been stubbed. {"adminResolution":{"declared":true,"installed":true,"version":"9.4.2","resolution":"C:\\Users\\bala\\Desktop\\Amazon-Clone\\amazon-clone\\functions\\node_modules\\firebase-admin\\lib\\index.js"}} {"metadata":{"emulator":{"name":"functions"},"message":"[runtime-status] [26004] firebase-admin has been stubbed. {\"adminResolution\":{\"declared\":true,\"installed\":true,\"version\":\"9.4.2\",\"resolution\":\"C:\\\\Users\\\\bala\\\\Desktop\\\\Amazon-Clone\\\\amazon-clone\\\\functions\\\\node_modules\\\\firebase-admin\\\\lib\\\\index.js\"}}"}}
[info] +  functions[api]: http function initialized (http://localhost:5001/clone-e9c03/us-central1/api). {"metadata":{"emulator":{"name":"functions"},"message":"\u001b[1mhttp\u001b[22m function initialized (http://localhost:5001/clone-e9c03/us-central1/api)."}}
[info] 
┌─────────────────────────────────────────────────────────────┐
│ ✔  All emulators ready! It is now safe to connect your app. │
│ i  View Emulator UI at http://localhost:4000                │
└─────────────────────────────────────────────────────────────┘

┌───────────┬────────────────┬─────────────────────────────────┐
│ Emulator  │ Host:Port      │ View in Emulator UI             │
├───────────┼────────────────┼─────────────────────────────────┤
│ Functions │ localhost:5001 │ http://localhost:4000/functions │
├───────────┼────────────────┼─────────────────────────────────┤
│ Hosting   │ localhost:5000 │ n/a                             │
└───────────┴────────────────┴─────────────────────────────────┘
  Emulator Hub running at localhost:4400
  Other reserved ports: 4500

Issues? Report them at https://github.com/firebase/firebase-tools/issues and attach the *-debug.log files.
 
[debug] [2021-02-03T11:01:57.940Z] [worker-~diagnostic~-cee9f7b0-c461-4278-a4db-87be1a59eefb]: IDLE {"metadata":{"emulator":{"name":"functions"},"message":"[worker-~diagnostic~-cee9f7b0-c461-4278-a4db-87be1a59eefb]: IDLE"}}
[debug] [2021-02-03T11:13:14.822Z] [work-queue] {"queueLength":1,"workRunningCount":0}
[debug] [2021-02-03T11:13:14.823Z] [work-queue] {"queueLength":0,"workRunningCount":1}
[debug] [2021-02-03T11:13:14.823Z] Accepted request POST /clone-e9c03/us-central1/api/payments/create?total=79898 --> api
[debug] [2021-02-03T11:13:14.827Z] [worker-pool] addWorker(api) {"metadata":{"emulator":{"name":"functions"},"message":"[worker-pool] addWorker(api)"}}
[debug] [2021-02-03T11:13:14.828Z] [worker-pool] Adding worker with key api, total=1 {"metadata":{"emulator":{"name":"functions"},"message":"[worker-pool] Adding worker with key api, total=1"}}
[debug] [2021-02-03T11:13:14.828Z] [worker-pool] submitWork(triggerId=api) {"metadata":{"emulator":{"name":"functions"},"message":"[worker-pool] submitWork(triggerId=api)"}}
[debug] [2021-02-03T11:13:14.828Z] [worker-api-69a791d9-8a36-4eea-a6c9-7f682ed8f59e]: Assigning socketPath: \\?\pipe\C:\Users\bala\Desktop\Amazon-Clone\amazon-clone\functions\24788 {"metadata":{"emulator":{"name":"functions"},"message":"[worker-api-69a791d9-8a36-4eea-a6c9-7f682ed8f59e]: Assigning socketPath: \\\\?\\pipe\\C:\\Users\\bala\\Desktop\\Amazon-Clone\\amazon-clone\\functions\\24788"}}
[debug] [2021-02-03T11:13:14.828Z] [worker-api-69a791d9-8a36-4eea-a6c9-7f682ed8f59e]: BUSY {"metadata":{"emulator":{"name":"functions"},"message":"[worker-api-69a791d9-8a36-4eea-a6c9-7f682ed8f59e]: BUSY"}}
[debug] [2021-02-03T11:13:15.017Z] [runtime-status] [24788] Functions runtime initialized. {"cwd":"C:\\Users\\bala\\Desktop\\Amazon-Clone\\amazon-clone\\functions","node_version":"12.16.1"} {"metadata":{"emulator":{"name":"functions"},"function":{"name":"api"},"message":"[runtime-status] [24788] Functions runtime initialized. {\"cwd\":\"C:\\\\Users\\\\bala\\\\Desktop\\\\Amazon-Clone\\\\amazon-clone\\\\functions\",\"node_version\":\"12.16.1\"}"}}
[debug] [2021-02-03T11:13:15.018Z] [runtime-status] [24788] Disabled runtime features: undefined {"metadata":{"emulator":{"name":"functions"},"function":{"name":"api"},"message":"[runtime-status] [24788] Disabled runtime features: undefined"}}
