[debug] [2021-01-13T16:57:43.894Z] ----------------------------------------------------------------------
[debug] [2021-01-13T16:57:43.896Z] Command:       C:\Program Files\nodejs\node.exe C:\Users\bala\AppData\Roaming\npm\node_modules\firebase-tools\lib\bin\firebase.js init
[debug] [2021-01-13T16:57:43.897Z] CLI Version:   9.2.0
[debug] [2021-01-13T16:57:43.897Z] Platform:      win32
[debug] [2021-01-13T16:57:43.897Z] Node Version:  v12.16.1
[debug] [2021-01-13T16:57:43.898Z] Time:          Wed Jan 13 2021 22:27:43 GMT+0530 (India Standard Time)
[debug] [2021-01-13T16:57:43.898Z] ----------------------------------------------------------------------
[debug] [2021-01-13T16:57:43.898Z] 
[debug] [2021-01-13T16:57:43.903Z] > command requires scopes: ["email","openid","https://www.googleapis.com/auth/cloudplatformprojects.readonly","https://www.googleapis.com/auth/firebase","https://www.googleapis.com/auth/cloud-platform"]
[debug] [2021-01-13T16:57:43.904Z] > authorizing via signed-in user
[info] 
     ######## #### ########  ######## ########     ###     ######  ########
     ##        ##  ##     ## ##       ##     ##  ##   ##  ##       ##
     ######    ##  ########  ######   ########  #########  ######  ######
     ##        ##  ##    ##  ##       ##     ## ##     ##       ## ##
     ##       #### ##     ## ######## ########  ##     ##  ######  ########

You're about to initialize a Firebase project in this directory:

  C:\Users\bala\Desktop\Amazon-Clone\amazon-clone

[info] 
=== Project Setup
[info] 
[info] First, let's associate this project directory with a Firebase project.
[info] You can create multiple project aliases by running firebase use --add, 
[info] but for now we'll just set up a default project.
[info] 
[debug] [2021-01-13T16:58:01.078Z] > refreshing access token with scopes: []
[debug] [2021-01-13T16:58:01.078Z] >>> HTTP REQUEST POST https://www.googleapis.com/oauth2/v3/token  
 <request body omitted>
[debug] [2021-01-13T16:58:02.817Z] <<< HTTP RESPONSE 200 {"pragma":"no-cache","expires":"Mon, 01 Jan 1990 00:00:00 GMT","cache-control":"no-cache, no-store, max-age=0, must-revalidate","date":"Wed, 13 Jan 2021 16:58:01 GMT","content-type":"application/json; charset=utf-8","vary":"X-Origin, Referer, Origin,Accept-Encoding","server":"scaffolding on HTTPServer2","x-xss-protection":"0","x-frame-options":"SAMEORIGIN","x-content-type-options":"nosniff","alt-svc":"h3-29=\":443\"; ma=2592000,h3-T051=\":443\"; ma=2592000,h3-Q050=\":443\"; ma=2592000,h3-Q046=\":443\"; ma=2592000,h3-Q043=\":443\"; ma=2592000,quic=\":443\"; ma=2592000; v=\"46,43\"","accept-ranges":"none","transfer-encoding":"chunked"}
[debug] [2021-01-13T16:58:02.905Z] >>> [apiv2][query] GET https://firebase.googleapis.com/v1beta1/projects pageSize=100
[debug] [2021-01-13T16:58:04.301Z] <<< [apiv2][status] GET https://firebase.googleapis.com/v1beta1/projects 200
[debug] [2021-01-13T16:58:04.301Z] <<< [apiv2][body] GET https://firebase.googleapis.com/v1beta1/projects [omitted]
[info] i  Using project clone-e9c03 (Amazon-Clone) 
[info] 
=== Hosting Setup
[info] 
[info] Your public directory is the folder (relative to your project directory) that
[info] will contain Hosting assets to be uploaded with firebase deploy. If you
[info] have a build process for your assets, use your build's output directory.
[info] 
[debug] [2021-01-13T17:00:16.302Z] >>> [apiv2][query] GET https://www.gstatic.com/firebasejs/releases.json [none]
[debug] [2021-01-13T17:00:17.287Z] <<< [apiv2][status] GET https://www.gstatic.com/firebasejs/releases.json 200
[debug] [2021-01-13T17:00:17.288Z] <<< [apiv2][body] GET https://www.gstatic.com/firebasejs/releases.json {"current":{"version":"8.2.2","browserURL":"https://www.gstatic.com/firebasejs/8.2.2/firebase.js","packageURL":"https://www.gstatic.com/firebasejs/8.2.2/firebase.tgz"},"live":{"version":"8.2","browserURL":"https://www.gstatic.com/firebasejs/live/8.2/firebase.js","packageURL":"https://www.gstatic.com/firebasejs/live/8.2/firebase.tgz"},"components":{"analytics":"https://www.gstatic.com/firebasejs/8.2.2/firebase-analytics.js","app":"https://www.gstatic.com/firebasejs/8.2.2/firebase-app.js","auth":"https://www.gstatic.com/firebasejs/8.2.2/firebase-auth.js","database":"https://www.gstatic.com/firebasejs/8.2.2/firebase-database.js","firestore":"https://www.gstatic.com/firebasejs/8.2.2/firebase-firestore.js","functions":"https://www.gstatic.com/firebasejs/8.2.2/firebase-functions.js","installations":"https://www.gstatic.com/firebasejs/8.2.2/firebase-installations.js","messaging":"https://www.gstatic.com/firebasejs/8.2.2/firebase-messaging.js","storage":"https://www.gstatic.com/firebasejs/8.2.2/firebase-storage.js","performance":"https://www.gstatic.com/firebasejs/8.2.2/firebase-performance.js","remote-config":"https://www.gstatic.com/firebasejs/8.2.2/firebase-remote-config.js","firestore.memory":"https://www.gstatic.com/firebasejs/8.2.2/firebase-firestore.memory.js"}}
[info] +  Wrote build/index.html 
[info] 
[info] i  Detected a .git folder at C:\Users\bala 
[info] i  Authorizing with GitHub to upload your service account to a GitHub repository's secrets store. 
[info] 
[info] Visit this URL on this device to log in:
[info] https://github.com/login/oauth/authorize?client_id=89cf50f02ac6aaed3484&state=28384249&redirect_uri=http%3A%2F%2Flocalhost%3A9005&scope=read%3Auser%20repo%20public_repo
[info] 
[info] Waiting for authentication...
[debug] [2021-01-13T17:01:35.343Z] >>> HTTP REQUEST POST https://github.com/login/oauth/access_token  
 {"client_id":"89cf50f02ac6aaed3484","client_secret":"3330d14abc895d9a74d5f17cd7a00711fa2c5bf0","code":"98b411950a42f2a6fadc","redirect_uri":"http://localhost:9005","state":"28384249"}
[debug] [2021-01-13T17:01:35.975Z] <<< HTTP RESPONSE 200 {"date":"Wed, 13 Jan 2021 17:01:35 GMT","content-type":"application/json; charset=utf-8","transfer-encoding":"chunked","server":"GitHub.com","status":"200 OK","vary":"X-PJAX, Accept-Encoding, Accept, X-Requested-With, Accept-Encoding","etag":"W/\"37f6f3a8e961ea1d28952c9c6a887f4e\"","cache-control":"max-age=0, private, must-revalidate","strict-transport-security":"max-age=31536000; includeSubdomains; preload","x-frame-options":"deny","x-content-type-options":"nosniff","x-xss-protection":"1; mode=block","referrer-policy":"origin-when-cross-origin, strict-origin-when-cross-origin","expect-ct":"max-age=2592000, report-uri=\"https://api.github.com/_private/browser/errors\"","content-security-policy":"default-src 'none'; base-uri 'self'; block-all-mixed-content; connect-src 'self' uploads.github.com www.githubstatus.com collector.githubapp.com api.github.com github-cloud.s3.amazonaws.com github-production-repository-file-5c1aeb.s3.amazonaws.com github-production-upload-manifest-file-7fdce7.s3.amazonaws.com github-production-user-asset-6210df.s3.amazonaws.com cdn.optimizely.com logx.optimizely.com/v1/events wss://alive.github.com; font-src github.githubassets.com; form-action 'self' github.com gist.github.com; frame-ancestors 'none'; frame-src render.githubusercontent.com; img-src 'self' data: github.githubassets.com identicons.github.com collector.githubapp.com github-cloud.s3.amazonaws.com *.githubusercontent.com; manifest-src 'self'; media-src 'none'; script-src github.githubassets.com; style-src 'unsafe-inline' github.githubassets.com; worker-src github.com/socket-worker-5029ae85.js gist.github.com/socket-worker-5029ae85.js","x-github-request-id":"DD52:66E2:5D679D:7687A8:5FFF276E"}
[debug] [2021-01-13T17:01:35.975Z] >>> [apiv2][query] GET https://api.github.com/user [none]
[debug] [2021-01-13T17:01:36.919Z] <<< [apiv2][status] GET https://api.github.com/user 200
[debug] [2021-01-13T17:01:36.919Z] <<< [apiv2][body] GET https://api.github.com/user {"login":"Priyanka-Pathade","id":47494587,"node_id":"MDQ6VXNlcjQ3NDk0NTg3","avatar_url":"https://avatars1.githubusercontent.com/u/47494587?v=4","gravatar_id":"","url":"https://api.github.com/users/Priyanka-Pathade","html_url":"https://github.com/Priyanka-Pathade","followers_url":"https://api.github.com/users/Priyanka-Pathade/followers","following_url":"https://api.github.com/users/Priyanka-Pathade/following{/other_user}","gists_url":"https://api.github.com/users/Priyanka-Pathade/gists{/gist_id}","starred_url":"https://api.github.com/users/Priyanka-Pathade/starred{/owner}{/repo}","subscriptions_url":"https://api.github.com/users/Priyanka-Pathade/subscriptions","organizations_url":"https://api.github.com/users/Priyanka-Pathade/orgs","repos_url":"https://api.github.com/users/Priyanka-Pathade/repos","events_url":"https://api.github.com/users/Priyanka-Pathade/events{/privacy}","received_events_url":"https://api.github.com/users/Priyanka-Pathade/received_events","type":"User","site_admin":false,"name":"PRIYANKA PATHADE","company":null,"blog":"","location":null,"email":null,"hireable":true,"bio":"Computer Engineering Student at\r\nGovt college of engg and research, Avasari","twitter_username":null,"public_repos":3,"public_gists":0,"followers":2,"following":0,"created_at":"2019-02-10T09:06:01Z","updated_at":"2021-01-13T17:01:34Z","private_gists":0,"total_private_repos":0,"owned_private_repos":0,"disk_usage":10814,"collaborators":0,"two_factor_authentication":false,"plan":{"name":"free","space":976562499,"collaborators":0,"private_repos":10000}}
[info] 
[info] +  Success! Logged into GitHub as Priyanka-Pathade 
[info] 
[debug] [2021-01-13T17:03:21.673Z] >>> [apiv2][query] GET https://api.github.com/repos//actions/secrets/public-key type=owner
[debug] [2021-01-13T17:03:22.551Z] <<< [apiv2][status] GET https://api.github.com/repos//actions/secrets/public-key 404
[debug] [2021-01-13T17:03:22.551Z] <<< [apiv2][body] GET https://api.github.com/repos//actions/secrets/public-key {"message":"Not Found","documentation_url":"https://docs.github.com/rest"}
[debug] [2021-01-13T17:05:16.202Z] >>> [apiv2][query] GET https://api.github.com/repos/https://github.com/Priyanka-Pathade/amazon-clone/actions/secrets/public-key type=owner
[debug] [2021-01-13T17:05:18.438Z] <<< [apiv2][status] GET https://api.github.com/repos/https://github.com/Priyanka-Pathade/amazon-clone/actions/secrets/public-key 404
[debug] [2021-01-13T17:05:18.438Z] <<< [apiv2][body] GET https://api.github.com/repos/https://github.com/Priyanka-Pathade/amazon-clone/actions/secrets/public-key {"message":"Not Found","documentation_url":"https://docs.github.com/rest"}
[debug] [2021-01-13T17:05:31.304Z] >>> [apiv2][query] GET https://api.github.com/repos/https://github.com/Priyanka-Pathade/amazon-clone/actions/secrets/public-key type=owner
[debug] [2021-01-13T17:05:32.168Z] <<< [apiv2][status] GET https://api.github.com/repos/https://github.com/Priyanka-Pathade/amazon-clone/actions/secrets/public-key 404
[debug] [2021-01-13T17:05:32.168Z] <<< [apiv2][body] GET https://api.github.com/repos/https://github.com/Priyanka-Pathade/amazon-clone/actions/secrets/public-key {"message":"Not Found","documentation_url":"https://docs.github.com/rest"}
